<?xml version="1.0" encoding="UTF-8"?>
<!-- Generated by org.testng.reporters.JUnitXMLReporter -->
<testsuite ignored="0" hostname="DESKTOP-IOFSSG5" failures="0" tests="2" name="Orange HRM Automation" time="39.703" errors="0" timestamp="2023-04-30T10:38:00 IST">
  <testcase classname="com.orangehrm.testcase.TC_LoginTest_001" name="loginTest" time="5.329"/>
  <testcase classname="com.orangehrm.testcase.TC_AddEmployee_002" name="addEmployee" time="19.973"/>
</testsuite> <!-- Orange HRM Automation -->
