<?xml version="1.0" encoding="UTF-8"?>
<!-- Generated by org.testng.reporters.JUnitXMLReporter -->
<testsuite ignored="0" hostname="DESKTOP-IOFSSG5" failures="0" tests="2" name="Orange HRM Automation" time="95.616" errors="0" timestamp="2023-04-29T15:02:20 IST">
  <testcase classname="com.orangehrm.testcase.TC_LoginTest_001" name="loginTest" time="6.409"/>
  <testcase classname="com.orangehrm.testcase.TC_AddEmployee_002" name="addEmployee" time="16.624"/>
</testsuite> <!-- Orange HRM Automation -->
