<?xml version="1.0" encoding="UTF-8"?>
<testng-results ignored="0" total="2" passed="2" failed="0" skipped="0">
  <reporter-output>
  </reporter-output>
  <suite started-at="2023-04-14T17:56:34 IST" name="OrangeHRMAutomation" finished-at="2023-04-14T17:58:16 IST" duration-ms="102681">
    <groups>
    </groups>
    <test started-at="2023-04-14T17:56:34 IST" name="Orange HRM Automation" finished-at="2023-04-14T17:58:16 IST" duration-ms="102681">
      <class name="com.orangehrm.testcase.TC_AddEmployee_002">
        <test-method is-config="true" signature="setUp()[pri:0, instance:com.orangehrm.testcase.TC_AddEmployee_002@4c1f22f3]" started-at="2023-04-14T17:57:18 IST" name="setUp" finished-at="2023-04-14T17:58:01 IST" duration-ms="43205" status="PASS">
          <reporter-output>
          </reporter-output>
        </test-method> <!-- setUp -->
        <test-method signature="addEmployee()[pri:0, instance:com.orangehrm.testcase.TC_AddEmployee_002@4c1f22f3]" started-at="2023-04-14T17:58:01 IST" name="addEmployee" finished-at="2023-04-14T17:58:16 IST" duration-ms="15385" status="PASS">
          <reporter-output>
          </reporter-output>
        </test-method> <!-- addEmployee -->
        <test-method is-config="true" signature="tearDown()[pri:0, instance:com.orangehrm.testcase.TC_AddEmployee_002@4c1f22f3]" started-at="2023-04-14T17:58:16 IST" name="tearDown" finished-at="2023-04-14T17:58:16 IST" duration-ms="80" status="PASS">
          <reporter-output>
          </reporter-output>
        </test-method> <!-- tearDown -->
      </class> <!-- com.orangehrm.testcase.TC_AddEmployee_002 -->
      <class name="com.orangehrm.testcase.TC_LoginTest_001">
        <test-method is-config="true" signature="setUp()[pri:0, instance:com.orangehrm.testcase.TC_LoginTest_001@60856961]" started-at="2023-04-14T17:56:34 IST" name="setUp" finished-at="2023-04-14T17:57:12 IST" duration-ms="38721" status="PASS">
          <reporter-output>
          </reporter-output>
        </test-method> <!-- setUp -->
        <test-method signature="loginTest()[pri:0, instance:com.orangehrm.testcase.TC_LoginTest_001@60856961]" started-at="2023-04-14T17:57:12 IST" name="loginTest" finished-at="2023-04-14T17:57:17 IST" duration-ms="5172" status="PASS">
          <reporter-output>
          </reporter-output>
        </test-method> <!-- loginTest -->
        <test-method is-config="true" signature="tearDown()[pri:0, instance:com.orangehrm.testcase.TC_LoginTest_001@60856961]" started-at="2023-04-14T17:57:17 IST" name="tearDown" finished-at="2023-04-14T17:57:18 IST" duration-ms="78" status="PASS">
          <reporter-output>
          </reporter-output>
        </test-method> <!-- tearDown -->
      </class> <!-- com.orangehrm.testcase.TC_LoginTest_001 -->
    </test> <!-- Orange HRM Automation -->
  </suite> <!-- OrangeHRMAutomation -->
</testng-results>
