<?xml version="1.0" encoding="UTF-8"?>
<testng-results ignored="0" total="2" passed="2" failed="0" skipped="0">
  <reporter-output>
  </reporter-output>
  <suite started-at="2023-04-13T08:47:06 IST" name="Suite" finished-at="2023-04-13T08:47:39 IST" duration-ms="32874">
    <groups>
    </groups>
    <test started-at="2023-04-13T08:47:06 IST" name="Orange HRM Automation" finished-at="2023-04-13T08:47:39 IST" duration-ms="32874">
      <class name="com.orangehrm.testcase.TC_AddEmployee_002">
        <test-method is-config="true" signature="setUp()[pri:0, instance:com.orangehrm.testcase.TC_AddEmployee_002@57a3af25]" started-at="2023-04-13T08:47:19 IST" name="setUp" finished-at="2023-04-13T08:47:25 IST" duration-ms="6403" status="PASS">
          <reporter-output>
          </reporter-output>
        </test-method> <!-- setUp -->
        <test-method signature="addEmployee()[pri:0, instance:com.orangehrm.testcase.TC_AddEmployee_002@57a3af25]" started-at="2023-04-13T08:47:25 IST" name="addEmployee" finished-at="2023-04-13T08:47:39 IST" duration-ms="13724" status="PASS">
          <reporter-output>
          </reporter-output>
        </test-method> <!-- addEmployee -->
        <test-method is-config="true" signature="tearDown()[pri:0, instance:com.orangehrm.testcase.TC_AddEmployee_002@57a3af25]" started-at="2023-04-13T08:47:39 IST" name="tearDown" finished-at="2023-04-13T08:47:39 IST" duration-ms="162" status="PASS">
          <reporter-output>
          </reporter-output>
        </test-method> <!-- tearDown -->
      </class> <!-- com.orangehrm.testcase.TC_AddEmployee_002 -->
      <class name="com.orangehrm.testcase.TC_LoginTest_001">
        <test-method is-config="true" signature="setUp()[pri:0, instance:com.orangehrm.testcase.TC_LoginTest_001@4fb0f2b9]" started-at="2023-04-13T08:47:06 IST" name="setUp" finished-at="2023-04-13T08:47:16 IST" duration-ms="9765" status="PASS">
          <reporter-output>
          </reporter-output>
        </test-method> <!-- setUp -->
        <test-method signature="loginTest()[pri:0, instance:com.orangehrm.testcase.TC_LoginTest_001@4fb0f2b9]" started-at="2023-04-13T08:47:16 IST" name="loginTest" finished-at="2023-04-13T08:47:19 IST" duration-ms="2652" status="PASS">
          <reporter-output>
          </reporter-output>
        </test-method> <!-- loginTest -->
        <test-method is-config="true" signature="tearDown()[pri:0, instance:com.orangehrm.testcase.TC_LoginTest_001@4fb0f2b9]" started-at="2023-04-13T08:47:19 IST" name="tearDown" finished-at="2023-04-13T08:47:19 IST" duration-ms="102" status="PASS">
          <reporter-output>
          </reporter-output>
        </test-method> <!-- tearDown -->
      </class> <!-- com.orangehrm.testcase.TC_LoginTest_001 -->
    </test> <!-- Orange HRM Automation -->
  </suite> <!-- Suite -->
</testng-results>
