<?xml version="1.0" encoding="UTF-8"?>
<testng-results ignored="0" total="2" passed="2" failed="0" skipped="0">
  <reporter-output>
  </reporter-output>
  <suite started-at="2023-04-30T10:37:21 IST" name="OrangeHRMAutomation" finished-at="2023-04-30T10:38:00 IST" duration-ms="39703">
    <groups>
    </groups>
    <test started-at="2023-04-30T10:37:21 IST" name="Orange HRM Automation" finished-at="2023-04-30T10:38:00 IST" duration-ms="39703">
      <class name="com.orangehrm.testcase.TC_AddEmployee_002">
        <test-method is-config="true" signature="setUp(java.lang.String,java.lang.String,java.lang.reflect.Method)[pri:0, instance:com.orangehrm.testcase.TC_AddEmployee_002@20b12f8a]" started-at="2023-04-30T10:37:35 IST" name="setUp" finished-at="2023-04-30T10:37:40 IST" duration-ms="4947" status="PASS">
          <params>
            <param index="0">
              <value>
                <![CDATA[chrome]]>
              </value>
            </param>
            <param index="1">
              <value>
                <![CDATA[windows 10]]>
              </value>
            </param>
            <param index="2">
              <value>
                <![CDATA[public void com.orangehrm.testcase.TC_AddEmployee_002.addEmployee() throws java.lang.InterruptedException,java.io.IOException]]>
              </value>
            </param>
          </params>
          <reporter-output>
          </reporter-output>
        </test-method> <!-- setUp -->
        <test-method signature="addEmployee()[pri:0, instance:com.orangehrm.testcase.TC_AddEmployee_002@20b12f8a]" started-at="2023-04-30T10:37:40 IST" name="addEmployee" finished-at="2023-04-30T10:38:00 IST" duration-ms="19973" status="PASS">
          <reporter-output>
          </reporter-output>
        </test-method> <!-- addEmployee -->
        <test-method is-config="true" signature="tearDown()[pri:0, instance:com.orangehrm.testcase.TC_AddEmployee_002@20b12f8a]" started-at="2023-04-30T10:38:00 IST" name="tearDown" finished-at="2023-04-30T10:38:00 IST" duration-ms="604" status="PASS">
          <reporter-output>
          </reporter-output>
        </test-method> <!-- tearDown -->
      </class> <!-- com.orangehrm.testcase.TC_AddEmployee_002 -->
      <class name="com.orangehrm.testcase.TC_LoginTest_001">
        <test-method is-config="true" signature="setUp(java.lang.String,java.lang.String,java.lang.reflect.Method)[pri:0, instance:com.orangehrm.testcase.TC_LoginTest_001@c35172e]" started-at="2023-04-30T10:37:21 IST" name="setUp" finished-at="2023-04-30T10:37:29 IST" duration-ms="8272" status="PASS">
          <params>
            <param index="0">
              <value>
                <![CDATA[chrome]]>
              </value>
            </param>
            <param index="1">
              <value>
                <![CDATA[windows 10]]>
              </value>
            </param>
            <param index="2">
              <value>
                <![CDATA[public void com.orangehrm.testcase.TC_LoginTest_001.loginTest()]]>
              </value>
            </param>
          </params>
          <reporter-output>
          </reporter-output>
        </test-method> <!-- setUp -->
        <test-method signature="loginTest()[pri:0, instance:com.orangehrm.testcase.TC_LoginTest_001@c35172e]" started-at="2023-04-30T10:37:29 IST" name="loginTest" finished-at="2023-04-30T10:37:34 IST" duration-ms="5329" status="PASS">
          <reporter-output>
          </reporter-output>
        </test-method> <!-- loginTest -->
        <test-method is-config="true" signature="tearDown()[pri:0, instance:com.orangehrm.testcase.TC_LoginTest_001@c35172e]" started-at="2023-04-30T10:37:34 IST" name="tearDown" finished-at="2023-04-30T10:37:35 IST" duration-ms="486" status="PASS">
          <reporter-output>
          </reporter-output>
        </test-method> <!-- tearDown -->
      </class> <!-- com.orangehrm.testcase.TC_LoginTest_001 -->
    </test> <!-- Orange HRM Automation -->
  </suite> <!-- OrangeHRMAutomation -->
</testng-results>
